<?xml version="1.0" encoding="UTF-8"?>
<coverage generated="1589599181690" clover="3.2.0">
  <project timestamp="1589599181690" name="All files">
    <metrics statements="44" coveredstatements="44" conditionals="10" coveredconditionals="9" methods="14" coveredmethods="14" elements="68" coveredelements="67" complexity="0" loc="44" ncloc="44" packages="3" files="8" classes="8"/>
    <package name="lib">
      <metrics statements="26" coveredstatements="26" conditionals="10" coveredconditionals="9" methods="11" coveredmethods="11"/>
      <file name="sendgridclient-core.module.ts" path="/Users/dhardy/Projects/npm/nestjs-sendgrid-client/lib/sendgridclient-core.module.ts">
        <metrics statements="20" coveredstatements="20" conditionals="10" coveredconditionals="9" methods="8" coveredmethods="8"/>
        <line num="1" count="2" type="stmt"/>
        <line num="3" count="2" type="stmt"/>
        <line num="4" count="2" type="stmt"/>
        <line num="8" count="2" type="stmt"/>
        <line num="10" count="2" type="stmt"/>
        <line num="12" count="2" type="stmt"/>
        <line num="20" count="2" type="stmt"/>
        <line num="23" count="2" type="stmt"/>
        <line num="26" count="2" type="stmt"/>
        <line num="37" count="2" type="cond" truecount="4" falsecount="0"/>
        <line num="38" count="1" type="stmt"/>
        <line num="40" count="1" type="stmt"/>
        <line num="41" count="1" type="stmt"/>
        <line num="53" count="2" type="cond" truecount="2" falsecount="0"/>
        <line num="54" count="1" type="stmt"/>
        <line num="60" count="1" type="stmt"/>
        <line num="63" count="1" type="stmt"/>
        <line num="65" count="1" type="stmt"/>
        <line num="66" count="1" type="stmt"/>
        <line num="70" count="2" type="stmt"/>
      </file>
      <file name="sendgridclient.module.ts" path="/Users/dhardy/Projects/npm/nestjs-sendgrid-client/lib/sendgridclient.module.ts">
        <metrics statements="6" coveredstatements="6" conditionals="0" coveredconditionals="0" methods="3" coveredmethods="3"/>
        <line num="1" count="2" type="stmt"/>
        <line num="3" count="2" type="stmt"/>
        <line num="6" count="2" type="stmt"/>
        <line num="8" count="2" type="stmt"/>
        <line num="15" count="2" type="stmt"/>
        <line num="20" count="2" type="stmt"/>
      </file>
    </package>
    <package name="lib.common">
      <metrics statements="14" coveredstatements="14" conditionals="0" coveredconditionals="0" methods="2" coveredmethods="2"/>
      <file name="index.ts" path="/Users/dhardy/Projects/npm/nestjs-sendgrid-client/lib/common/index.ts">
        <metrics statements="3" coveredstatements="3" conditionals="0" coveredconditionals="0" methods="0" coveredmethods="0"/>
        <line num="1" count="2" type="stmt"/>
        <line num="2" count="2" type="stmt"/>
        <line num="3" count="2" type="stmt"/>
      </file>
      <file name="sendgridclient.constants.ts" path="/Users/dhardy/Projects/npm/nestjs-sendgrid-client/lib/common/sendgridclient.constants.ts">
        <metrics statements="3" coveredstatements="3" conditionals="0" coveredconditionals="0" methods="0" coveredmethods="0"/>
        <line num="1" count="2" type="stmt"/>
        <line num="2" count="2" type="stmt"/>
        <line num="3" count="2" type="stmt"/>
      </file>
      <file name="sendgridclient.decorator.ts" path="/Users/dhardy/Projects/npm/nestjs-sendgrid-client/lib/common/sendgridclient.decorator.ts">
        <metrics statements="4" coveredstatements="4" conditionals="0" coveredconditionals="0" methods="1" coveredmethods="1"/>
        <line num="1" count="2" type="stmt"/>
        <line num="2" count="2" type="stmt"/>
        <line num="4" count="2" type="stmt"/>
        <line num="5" count="1" type="stmt"/>
      </file>
      <file name="sendgridclient.util.ts" path="/Users/dhardy/Projects/npm/nestjs-sendgrid-client/lib/common/sendgridclient.util.ts">
        <metrics statements="4" coveredstatements="4" conditionals="0" coveredconditionals="0" methods="1" coveredmethods="1"/>
        <line num="2" count="2" type="stmt"/>
        <line num="4" count="2" type="stmt"/>
        <line num="5" count="4" type="stmt"/>
        <line num="6" count="4" type="stmt"/>
      </file>
    </package>
    <package name="lib.providers">
      <metrics statements="4" coveredstatements="4" conditionals="0" coveredconditionals="0" methods="1" coveredmethods="1"/>
      <file name="index.ts" path="/Users/dhardy/Projects/npm/nestjs-sendgrid-client/lib/providers/index.ts">
        <metrics statements="1" coveredstatements="1" conditionals="0" coveredconditionals="0" methods="0" coveredmethods="0"/>
        <line num="1" count="2" type="stmt"/>
      </file>
      <file name="sendgrid-client.providers.ts" path="/Users/dhardy/Projects/npm/nestjs-sendgrid-client/lib/providers/sendgrid-client.providers.ts">
        <metrics statements="3" coveredstatements="3" conditionals="0" coveredconditionals="0" methods="1" coveredmethods="1"/>
        <line num="2" count="2" type="stmt"/>
        <line num="5" count="2" type="stmt"/>
        <line num="6" count="2" type="stmt"/>
      </file>
    </package>
  </project>
</coverage>
