{"/Users/dhardy/Projects/npm/nestjs-sendgrid-client/lib/sendgridclient-core.module.ts": {"path":"/Users/dhardy/Projects/npm/nestjs-sendgrid-client/lib/sendgridclient-core.module.ts","statementMap":{"0":{"start":{"line":1,"column":0},"end":{"line":1,"column":79}},"1":{"start":{"line":3,"column":0},"end":{"line":3,"column":60}},"2":{"start":{"line":4,"column":0},"end":{"line":4,"column":101}},"3":{"start":{"line":8,"column":0},"end":{"line":70,"column":null}},"4":{"start":{"line":8,"column":37},"end":{"line":70,"column":null}},"5":{"start":{"line":10,"column":25},"end":{"line":10,"column":63}},"6":{"start":{"line":12,"column":8},"end":{"line":16,"column":10}},"7":{"start":{"line":20,"column":35},"end":{"line":24,"column":10}},"8":{"start":{"line":23,"column":66},"end":{"line":23,"column":95}},"9":{"start":{"line":26,"column":8},"end":{"line":31,"column":10}},"10":{"start":{"line":37,"column":8},"end":{"line":39,"column":null}},"11":{"start":{"line":38,"column":10},"end":{"line":38,"column":60}},"12":{"start":{"line":40,"column":25},"end":{"line":40,"column":79}},"13":{"start":{"line":41,"column":8},"end":{"line":47,"column":10}},"14":{"start":{"line":53,"column":8},"end":{"line":59,"column":null}},"15":{"start":{"line":54,"column":10},"end":{"line":58,"column":12}},"16":{"start":{"line":60,"column":23},"end":{"line":62,"column":10}},"17":{"start":{"line":63,"column":8},"end":{"line":68,"column":10}},"18":{"start":{"line":65,"column":77},"end":{"line":66,"column":null}},"19":{"start":{"line":66,"column":12},"end":{"line":66,"column":null}},"20":{"start":{"line":8,"column":13},"end":{"line":70,"column":null}},"21":{"start":{"line":70,"column":0},"end":{"line":70,"column":null}},"22":{"start":{"line":8,"column":13},"end":{"line":8,"column":37}}},"fnMap":{"0":{"name":"(anonymous_8)","decl":{"start":{"line":8,"column":0},"end":{"line":8,"column":13}},"loc":{"start":{"line":8,"column":0},"end":{"line":70,"column":null}}},"1":{"name":"(anonymous_9)","decl":{"start":{"line":9,"column":11},"end":{"line":9,"column":17}},"loc":{"start":{"line":9,"column":62},"end":{"line":17,"column":5}}},"2":{"name":"(anonymous_10)","decl":{"start":{"line":19,"column":11},"end":{"line":19,"column":17}},"loc":{"start":{"line":19,"column":65},"end":{"line":32,"column":5}}},"3":{"name":"(anonymous_11)","decl":{"start":{"line":23,"column":24},"end":{"line":23,"column":25}},"loc":{"start":{"line":23,"column":66},"end":{"line":23,"column":95}}},"4":{"name":"(anonymous_12)","decl":{"start":{"line":34,"column":12},"end":{"line":34,"column":18}},"loc":{"start":{"line":35,"column":43},"end":{"line":48,"column":7}}},"5":{"name":"(anonymous_13)","decl":{"start":{"line":50,"column":14},"end":{"line":50,"column":20}},"loc":{"start":{"line":51,"column":43},"end":{"line":69,"column":7}}},"6":{"name":"(anonymous_14)","decl":{"start":{"line":65,"column":22},"end":{"line":65,"column":29}},"loc":{"start":{"line":65,"column":77},"end":{"line":66,"column":null}}},"7":{"name":"(anonymous_15)","decl":{"start":{"line":65,"column":77},"end":{"line":65,"column":null}},"loc":{"start":{"line":65,"column":77},"end":{"line":66,"column":null}}}},"branchMap":{"0":{"loc":{"start":{"line":37,"column":8},"end":{"line":39,"column":null}},"type":"if","locations":[{"start":{"line":37,"column":8},"end":{"line":39,"column":null}},{"start":{"line":37,"column":8},"end":{"line":39,"column":null}}]},"1":{"loc":{"start":{"line":37,"column":12},"end":{"line":37,"column":31}},"type":"binary-expr","locations":[{"start":{"line":37,"column":12},"end":{"line":37,"column":31}},{"start":{"line":37,"column":35},"end":{"line":37,"column":53}}]},"2":{"loc":{"start":{"line":53,"column":8},"end":{"line":59,"column":null}},"type":"if","locations":[{"start":{"line":53,"column":8},"end":{"line":59,"column":null}},{"start":{"line":53,"column":8},"end":{"line":59,"column":null}}]},"3":{"loc":{"start":{"line":55,"column":20},"end":{"line":55,"column":34}},"type":"binary-expr","locations":[{"start":{"line":55,"column":20},"end":{"line":55,"column":34}},{"start":{"line":55,"column":38},"end":{"line":55,"column":40}}]},"4":{"loc":{"start":{"line":61,"column":11},"end":{"line":61,"column":27}},"type":"binary-expr","locations":[{"start":{"line":61,"column":11},"end":{"line":61,"column":27}},{"start":{"line":61,"column":31},"end":{"line":61,"column":50}}]}},"s":{"0":2,"1":2,"2":2,"3":2,"4":2,"5":3,"6":3,"7":2,"8":2,"9":2,"10":2,"11":1,"12":1,"13":1,"14":2,"15":1,"16":1,"17":1,"18":1,"19":1,"20":2,"21":2,"22":2},"f":{"0":2,"1":3,"2":2,"3":2,"4":2,"5":2,"6":1,"7":1},"b":{"0":[1,1],"1":[2,2],"2":[1,1],"3":[1,1],"4":[1,0]}}
,"/Users/dhardy/Projects/npm/nestjs-sendgrid-client/lib/sendgridclient.module.ts": {"path":"/Users/dhardy/Projects/npm/nestjs-sendgrid-client/lib/sendgridclient.module.ts","statementMap":{"0":{"start":{"line":1,"column":0},"end":{"line":1,"column":55}},"1":{"start":{"line":3,"column":0},"end":{"line":3,"column":72}},"2":{"start":{"line":6,"column":0},"end":{"line":20,"column":null}},"3":{"start":{"line":6,"column":33},"end":{"line":20,"column":null}},"4":{"start":{"line":8,"column":8},"end":{"line":11,"column":10}},"5":{"start":{"line":15,"column":8},"end":{"line":18,"column":10}},"6":{"start":{"line":6,"column":13},"end":{"line":20,"column":null}},"7":{"start":{"line":20,"column":0},"end":{"line":20,"column":null}},"8":{"start":{"line":6,"column":13},"end":{"line":6,"column":33}}},"fnMap":{"0":{"name":"(anonymous_1)","decl":{"start":{"line":6,"column":0},"end":{"line":6,"column":13}},"loc":{"start":{"line":6,"column":0},"end":{"line":20,"column":null}}},"1":{"name":"(anonymous_2)","decl":{"start":{"line":7,"column":11},"end":{"line":7,"column":17}},"loc":{"start":{"line":7,"column":62},"end":{"line":12,"column":5}}},"2":{"name":"(anonymous_3)","decl":{"start":{"line":14,"column":11},"end":{"line":14,"column":17}},"loc":{"start":{"line":14,"column":66},"end":{"line":19,"column":5}}}},"branchMap":{},"s":{"0":2,"1":2,"2":2,"3":2,"4":3,"5":2,"6":2,"7":2,"8":2},"f":{"0":2,"1":3,"2":2},"b":{}}
,"/Users/dhardy/Projects/npm/nestjs-sendgrid-client/lib/common/index.ts": {"path":"/Users/dhardy/Projects/npm/nestjs-sendgrid-client/lib/common/index.ts","statementMap":{"0":{"start":{"line":1,"column":0},"end":{"line":1,"column":43}},"1":{"start":{"line":2,"column":0},"end":{"line":2,"column":43}},"2":{"start":{"line":3,"column":0},"end":{"line":3,"column":38}}},"fnMap":{},"branchMap":{},"s":{"0":2,"1":2,"2":2},"f":{},"b":{}}
,"/Users/dhardy/Projects/npm/nestjs-sendgrid-client/lib/common/sendgridclient.constants.ts": {"path":"/Users/dhardy/Projects/npm/nestjs-sendgrid-client/lib/common/sendgridclient.constants.ts","statementMap":{"0":{"start":{"line":1,"column":13},"end":{"line":1,"column":75}},"1":{"start":{"line":2,"column":13},"end":{"line":2,"column":58}},"2":{"start":{"line":3,"column":13},"end":{"line":3,"column":60}}},"fnMap":{},"branchMap":{},"s":{"0":2,"1":2,"2":2},"f":{},"b":{}}
,"/Users/dhardy/Projects/npm/nestjs-sendgrid-client/lib/common/sendgridclient.decorator.ts": {"path":"/Users/dhardy/Projects/npm/nestjs-sendgrid-client/lib/common/sendgridclient.decorator.ts","statementMap":{"0":{"start":{"line":1,"column":0},"end":{"line":1,"column":40}},"1":{"start":{"line":2,"column":0},"end":{"line":2,"column":66}},"2":{"start":{"line":5,"column":2},"end":{"line":5,"column":38}},"3":{"start":{"line":4,"column":0},"end":{"line":4,"column":16}}},"fnMap":{"0":{"name":"InjectSendGridClient","decl":{"start":{"line":4,"column":16},"end":{"line":4,"column":36}},"loc":{"start":{"line":4,"column":36},"end":{"line":6,"column":1}}}},"branchMap":{},"s":{"0":2,"1":2,"2":1,"3":2},"f":{"0":1},"b":{}}
,"/Users/dhardy/Projects/npm/nestjs-sendgrid-client/lib/common/sendgridclient.util.ts": {"path":"/Users/dhardy/Projects/npm/nestjs-sendgrid-client/lib/common/sendgridclient.util.ts","statementMap":{"0":{"start":{"line":2,"column":0},"end":{"line":2,"column":58}},"1":{"start":{"line":5,"column":17},"end":{"line":5,"column":44}},"2":{"start":{"line":6,"column":2},"end":{"line":6,"column":16}},"3":{"start":{"line":4,"column":0},"end":{"line":4,"column":16}}},"fnMap":{"0":{"name":"createSendGridClient","decl":{"start":{"line":4,"column":16},"end":{"line":4,"column":36}},"loc":{"start":{"line":4,"column":73},"end":{"line":7,"column":1}}}},"branchMap":{},"s":{"0":2,"1":5,"2":5,"3":2},"f":{"0":5},"b":{}}
,"/Users/dhardy/Projects/npm/nestjs-sendgrid-client/lib/providers/index.ts": {"path":"/Users/dhardy/Projects/npm/nestjs-sendgrid-client/lib/providers/index.ts","statementMap":{"0":{"start":{"line":1,"column":0},"end":{"line":1,"column":44}}},"fnMap":{},"branchMap":{},"s":{"0":2},"f":{},"b":{}}
,"/Users/dhardy/Projects/npm/nestjs-sendgrid-client/lib/providers/sendgrid-client.providers.ts": {"path":"/Users/dhardy/Projects/npm/nestjs-sendgrid-client/lib/providers/sendgrid-client.providers.ts","statementMap":{"0":{"start":{"line":2,"column":0},"end":{"line":2,"column":71}},"1":{"start":{"line":6,"column":4},"end":{"line":9,"column":null}},"2":{"start":{"line":5,"column":0},"end":{"line":5,"column":16}}},"fnMap":{"0":{"name":"createSendGridClientProviders","decl":{"start":{"line":5,"column":16},"end":{"line":5,"column":45}},"loc":{"start":{"line":5,"column":82},"end":{"line":10,"column":1}}}},"branchMap":{},"s":{"0":2,"1":3,"2":2},"f":{"0":3},"b":{}}
}
