TN:
SF:lib/sendgridclient-core.module.ts
FN:8,(anonymous_8)
FN:9,(anonymous_9)
FN:19,(anonymous_10)
FN:23,(anonymous_11)
FN:34,(anonymous_12)
FN:50,(anonymous_13)
FN:65,(anonymous_14)
FN:65,(anonymous_15)
FNF:8
FNH:8
FNDA:2,(anonymous_8)
FNDA:3,(anonymous_9)
FNDA:2,(anonymous_10)
FNDA:2,(anonymous_11)
FNDA:2,(anonymous_12)
FNDA:2,(anonymous_13)
FNDA:1,(anonymous_14)
FNDA:1,(anonymous_15)
DA:1,2
DA:3,2
DA:4,2
DA:8,2
DA:10,3
DA:12,3
DA:20,2
DA:23,2
DA:26,2
DA:37,2
DA:38,1
DA:40,1
DA:41,1
DA:53,2
DA:54,1
DA:60,1
DA:63,1
DA:65,1
DA:66,1
DA:70,2
LF:20
LH:20
BRDA:37,0,0,1
BRDA:37,0,1,1
BRDA:37,1,0,2
BRDA:37,1,1,2
BRDA:53,2,0,1
BRDA:53,2,1,1
BRDA:55,3,0,1
BRDA:55,3,1,1
BRDA:61,4,0,1
BRDA:61,4,1,0
BRF:10
BRH:9
end_of_record
TN:
SF:lib/sendgridclient.module.ts
FN:6,(anonymous_1)
FN:7,(anonymous_2)
FN:14,(anonymous_3)
FNF:3
FNH:3
FNDA:2,(anonymous_1)
FNDA:3,(anonymous_2)
FNDA:2,(anonymous_3)
DA:1,2
DA:3,2
DA:6,2
DA:8,3
DA:15,2
DA:20,2
LF:6
LH:6
BRF:0
BRH:0
end_of_record
TN:
SF:lib/common/index.ts
FNF:0
FNH:0
DA:1,2
DA:2,2
DA:3,2
LF:3
LH:3
BRF:0
BRH:0
end_of_record
TN:
SF:lib/common/sendgridclient.constants.ts
FNF:0
FNH:0
DA:1,2
DA:2,2
DA:3,2
LF:3
LH:3
BRF:0
BRH:0
end_of_record
TN:
SF:lib/common/sendgridclient.decorator.ts
FN:4,InjectSendGridClient
FNF:1
FNH:1
FNDA:1,InjectSendGridClient
DA:1,2
DA:2,2
DA:4,2
DA:5,1
LF:4
LH:4
BRF:0
BRH:0
end_of_record
TN:
SF:lib/common/sendgridclient.util.ts
FN:4,createSendGridClient
FNF:1
FNH:1
FNDA:5,createSendGridClient
DA:2,2
DA:4,2
DA:5,5
DA:6,5
LF:4
LH:4
BRF:0
BRH:0
end_of_record
TN:
SF:lib/providers/index.ts
FNF:0
FNH:0
DA:1,2
LF:1
LH:1
BRF:0
BRH:0
end_of_record
TN:
SF:lib/providers/sendgrid-client.providers.ts
FN:5,createSendGridClientProviders
FNF:1
FNH:1
FNDA:3,createSendGridClientProviders
DA:2,2
DA:5,2
DA:6,3
LF:3
LH:3
BRF:0
BRH:0
end_of_record
